[------------- Sending Request to Server ------------

<configResolveClass
cookie="1541770998/603c4b55-338c-4e6f-add0-762ab4b3c983"
classId="fabricVsan"
inHierarchical="false">
    <inFilter>
<or>
    <eq class="fabricVsan" property="switchId" value="A"/>
    <eq class="fabricVsan" property="switchId" value="dual"/>
</or>
    </inFilter>
</configResolveClass>

<configResolveClass
cookie="1541770998/603c4b55-338c-4e6f-add0-762ab4b3c983"
classId="fabricVsan"
inHierarchical="false">
    <inFilter>
<or>
    <eq class="fabricVsan" property="switchId" value="B"/>
    <eq class="fabricVsan" property="switchId" value="dual"/>
</or>
    </inFilter>
</configResolveClass>

<configResolveClass
cookie="1541770998/603c4b55-338c-4e6f-add0-762ab4b3c983"
classId="lsbootVirtualMedia"
inHierarchical="false">
    <inFilter>
    </inFilter>
</configResolveClass>

<configResolveClass
cookie="1541770998/603c4b55-338c-4e6f-add0-762ab4b3c983"
classId="computeBlade"
inHierarchical="false">
    <inFilter>
<eq class="computeBlade" property="availability" value="available"/>
    </inFilter>
</configResolveClass>

<configResolveClass
cookie="1541770998/603c4b55-338c-4e6f-add0-762ab4b3c983"
classId="equipmentBladeCapProvider"
inHierarchical="false">
    <inFilter>
<eq class="equipmentBladeCapProvider" property="model" value="UCSB-EX-M4-1"/>
    </inFilter>
</configResolveClass>

<configResolveClass
cookie="1541770998/603c4b55-338c-4e6f-add0-762ab4b3c983"
classId="equipmentBladeCapProvider"
inHierarchical="false">
    <inFilter>
<eq class="equipmentBladeCapProvider" property="model" value="UCSC-C3K-M4SRB"/>
    </inFilter>
</configResolveClass>

<configResolveClass
cookie="1541770998/603c4b55-338c-4e6f-add0-762ab4b3c983"
classId="equipmentBladeCapProvider"
inHierarchical="false">
    <inFilter>
<eq class="equipmentBladeCapProvider" property="model" value="UCSB-B200-M4"/>
    </inFilter>
</configResolveClass>

<configResolveClass
cookie="1541770998/603c4b55-338c-4e6f-add0-762ab4b3c983"
classId="equipmentBladeCapProvider"
inHierarchical="false">
    <inFilter>
<eq class="equipmentBladeCapProvider" property="model" value="UCSB-B420-M4"/>
    </inFilter>
</configResolveClass>

<configResolveClass
cookie="1541770998/603c4b55-338c-4e6f-add0-762ab4b3c983"
classId="fabricVlan"
inHierarchical="false">
    <inFilter>
<or>
    <eq class="fabricVlan" property="switchId" value="dual"/>
    <eq class="fabricVlan" property="switchId" value="A"/>
</or>
    </inFilter>
</configResolveClass>

<configResolveChildren
cookie="1541770998/603c4b55-338c-4e6f-add0-762ab4b3c983"
classId="computeServerTypeCap"
inDn="capabilities/manufacturer-Cisco Systems Inc-model-UCSC-C3K-M4SRB-revision-0"
inHierarchical="false">
    <inFilter>
    </inFilter>
</configResolveChildren>

<configResolveChildren
cookie="1541770998/603c4b55-338c-4e6f-add0-762ab4b3c983"
classId="computeServerTypeCap"
inDn="capabilities/manufacturer-Cisco Systems Inc-model-UCSB-B200-M4-revision-0"
inHierarchical="false">
    <inFilter>
    </inFilter>
</configResolveChildren>

<configResolveChildren
cookie="1541770998/603c4b55-338c-4e6f-add0-762ab4b3c983"
classId="computeServerTypeCap"
inDn="capabilities/manufacturer-Cisco Systems Inc-model-UCSB-B420-M4-revision-0"
inHierarchical="false">
    <inFilter>
    </inFilter>
</configResolveChildren>

<configResolveChildren
cookie="1541770998/603c4b55-338c-4e6f-add0-762ab4b3c983"
classId="computeServerTypeCap"
inDn="capabilities/manufacturer-Cisco Systems Inc-model-UCSB-EX-M4-1-revision-0"
inHierarchical="false">
    <inFilter>
    </inFilter>
</configResolveChildren>

<configResolveClass
cookie="1541770998/603c4b55-338c-4e6f-add0-762ab4b3c983"
classId="fabricVlan"
inHierarchical="false">
    <inFilter>
<or>
    <eq class="fabricVlan" property="switchId" value="dual"/>
    <eq class="fabricVlan" property="switchId" value="B"/>
</or>
    </inFilter>
</configResolveClass>

<configEstimateImpact
cookie="1541770998/603c4b55-338c-4e6f-add0-762ab4b3c983">
    <inConfigs>
<pair key="org-root/ls-Linuxx">
    <lsServer
    name="Linuxx"
    dn="org-root/ls-Linuxx"
    
    status="created"
    
    sacl="addchild,del,mod">
        <vnicEther
        adaptorProfileName=""
        addr="derived"
        adminCdnName=""
        adminHostPort="ANY"
        adminVcon="any"
        cdnPropInSync="yes"
        cdnSource="vnic-name"
        identPoolName=""
        mtu="1500"
        name="eth0"
        nwCtrlPolicyName=""
        nwTemplName=""
        order="unspecified"
        pinToGroupName=""
        qosPolicyName=""
        statsPolicyName="default"
        switchId="A"
        
        rn="ether-eth0"
        status="created"
        
        sacl="addchild,del,mod">
            <vnicEtherIf
            defaultNet="yes"
            name="financex"
            
            rn="if-financex"
            
            
            sacl="addchild,del,mod">
            </vnicEtherIf>
        </vnicEther>
        <vnicEther
        adaptorProfileName=""
        addr="derived"
        adminCdnName=""
        adminHostPort="ANY"
        adminVcon="any"
        cdnPropInSync="yes"
        cdnSource="vnic-name"
        identPoolName=""
        mtu="1500"
        name="eth1"
        nwCtrlPolicyName=""
        nwTemplName=""
        order="unspecified"
        pinToGroupName=""
        qosPolicyName=""
        statsPolicyName="default"
        switchId="B"
        
        rn="ether-eth1"
        status="created"
        
        sacl="addchild,del,mod">
            <vnicEtherIf
            defaultNet="yes"
            name="financex"
            
            rn="if-financex"
            
            
            sacl="addchild,del,mod">
            </vnicEtherIf>
        </vnicEther>
        <vnicFc
        adaptorProfileName=""
        addr="derived"
        adminCdnName=""
        adminHostPort="ANY"
        adminVcon="any"
        cdnPropInSync="yes"
        cdnSource="vnic-name"
        identPoolName=""
        maxDataFieldSize="2048"
        name="fc0"
        nwTemplName=""
        order="unspecified"
        persBind="disabled"
        persBindClear="no"
        pinToGroupName=""
        qosPolicyName=""
        statsPolicyName="default"
        switchId="A"
        
        rn="fc-fc0"
        status="created"
        
        sacl="addchild,del,mod">
        </vnicFc>
        <vnicFc
        adaptorProfileName=""
        addr="derived"
        adminCdnName=""
        adminHostPort="ANY"
        adminVcon="any"
        cdnPropInSync="yes"
        cdnSource="vnic-name"
        identPoolName=""
        maxDataFieldSize="2048"
        name="fc1"
        nwTemplName=""
        order="unspecified"
        persBind="disabled"
        persBindClear="no"
        pinToGroupName=""
        qosPolicyName=""
        statsPolicyName="default"
        switchId="B"
        
        rn="fc-fc1"
        status="created"
        
        sacl="addchild,del,mod">
        </vnicFc>
        <lsbootDef
        
        rn="boot-policy"
        
        
        sacl="addchild,del,mod">
            <lsbootStorage
            order="1"
            
            rn="storage"
            
            
            sacl="addchild,del,mod">
                <lsbootLocalStorage
                
                rn="local-storage"
                
                
                sacl="addchild,del,mod">
                    <lsbootDefaultLocalImage
                    order="1"
                    
                    rn="local-any"
                    
                    
                    sacl="addchild,del,mod">
                    </lsbootDefaultLocalImage>
                </lsbootLocalStorage>
            </lsbootStorage>
        </lsbootDef>
        <vnicFcNode
        addr="pool-derived"
        identPoolName=""
        
        rn="fc-node"
        
        
        sacl="addchild,del,mod">
        </vnicFcNode>
    </lsServer>
</pair>
    </inConfigs>
</configEstimateImpact>

<configConfMos
cookie="1541770998/603c4b55-338c-4e6f-add0-762ab4b3c983"
inHierarchical="false">
    <inConfigs>
<pair key="org-root/ls-Linuxx">
    <lsServer
    name="Linuxx"
    dn="org-root/ls-Linuxx"
    
    status="created"
    
    sacl="addchild,del,mod">
        <vnicEther
        adaptorProfileName=""
        addr="derived"
        adminCdnName=""
        adminHostPort="ANY"
        adminVcon="any"
        cdnPropInSync="yes"
        cdnSource="vnic-name"
        identPoolName=""
        mtu="1500"
        name="eth0"
        nwCtrlPolicyName=""
        nwTemplName=""
        order="unspecified"
        pinToGroupName=""
        qosPolicyName=""
        statsPolicyName="default"
        switchId="A"
        
        rn="ether-eth0"
        status="created"
        
        sacl="addchild,del,mod">
            <vnicEtherIf
            defaultNet="yes"
            name="financex"
            
            rn="if-financex"
            
            
            sacl="addchild,del,mod">
            </vnicEtherIf>
        </vnicEther>
        <vnicEther
        adaptorProfileName=""
        addr="derived"
        adminCdnName=""
        adminHostPort="ANY"
        adminVcon="any"
        cdnPropInSync="yes"
        cdnSource="vnic-name"
        identPoolName=""
        mtu="1500"
        name="eth1"
        nwCtrlPolicyName=""
        nwTemplName=""
        order="unspecified"
        pinToGroupName=""
        qosPolicyName=""
        statsPolicyName="default"
        switchId="B"
        
        rn="ether-eth1"
        status="created"
        
        sacl="addchild,del,mod">
            <vnicEtherIf
            defaultNet="yes"
            name="financex"
            
            rn="if-financex"
            
            
            sacl="addchild,del,mod">
            </vnicEtherIf>
        </vnicEther>
        <vnicFc
        adaptorProfileName=""
        addr="derived"
        adminCdnName=""
        adminHostPort="ANY"
        adminVcon="any"
        cdnPropInSync="yes"
        cdnSource="vnic-name"
        identPoolName=""
        maxDataFieldSize="2048"
        name="fc0"
        nwTemplName=""
        order="unspecified"
        persBind="disabled"
        persBindClear="no"
        pinToGroupName=""
        qosPolicyName=""
        statsPolicyName="default"
        switchId="A"
        
        rn="fc-fc0"
        status="created"
        
        sacl="addchild,del,mod">
        </vnicFc>
        <vnicFc
        adaptorProfileName=""
        addr="derived"
        adminCdnName=""
        adminHostPort="ANY"
        adminVcon="any"
        cdnPropInSync="yes"
        cdnSource="vnic-name"
        identPoolName=""
        maxDataFieldSize="2048"
        name="fc1"
        nwTemplName=""
        order="unspecified"
        persBind="disabled"
        persBindClear="no"
        pinToGroupName=""
        qosPolicyName=""
        statsPolicyName="default"
        switchId="B"
        
        rn="fc-fc1"
        status="created"
        
        sacl="addchild,del,mod">
        </vnicFc>
        <lsbootDef
        
        rn="boot-policy"
        
        
        sacl="addchild,del,mod">
            <lsbootStorage
            order="1"
            
            rn="storage"
            
            
            sacl="addchild,del,mod">
                <lsbootLocalStorage
                
                rn="local-storage"
                
                
                sacl="addchild,del,mod">
                    <lsbootDefaultLocalImage
                    order="1"
                    
                    rn="local-any"
                    
                    
                    sacl="addchild,del,mod">
                    </lsbootDefaultLocalImage>
                </lsbootLocalStorage>
            </lsbootStorage>
        </lsbootDef>
        <vnicFcNode
        addr="pool-derived"
        identPoolName=""
        
        rn="fc-node"
        
        
        sacl="addchild,del,mod">
        </vnicFcNode>
    </lsServer>
</pair>
    </inConfigs>
</configConfMos>

<poolResolveInScope
dn="org-root"
cookie="1541770998/603c4b55-338c-4e6f-add0-762ab4b3c983"
inClass="uuidpoolPool"
inSingleLevel="false"
inHierarchical="false">
    <inFilter>
    </inFilter>
</poolResolveInScope>
-----------------------------------------------------]