[------------- Sending Request to Server ------------

<configEstimateImpact
cookie="1541770397/0e537936-565e-4fb8-b4ce-a0c15fcfdc8c">
    <inConfigs>
<pair key="org-root/org-PythonMaster">
    <orgOrg
    name="PythonMaster"
    dn="org-root/org-PythonMaster"
    
    status="created"
    
    sacl="addchild,del,mod">
    </orgOrg>
</pair>
    </inConfigs>
</configEstimateImpact>

<configConfMos
cookie="1541770397/0e537936-565e-4fb8-b4ce-a0c15fcfdc8c"
inHierarchical="false">
    <inConfigs>
<pair key="org-root/org-PythonMaster">
    <orgOrg
    name="PythonMaster"
    dn="org-root/org-PythonMaster"
    
    status="created"
    
    sacl="addchild,del,mod">
    </orgOrg>
</pair>
    </inConfigs>
</configConfMos>
-----------------------------------------------------]